d:\coding\vs\d1t1\d1t1\debug\d1t1.pch
d:\coding\vs\d1t1\d1t1\debug\vc141.pdb
d:\coding\vs\d1t1\d1t1\debug\vc141.idb
d:\coding\vs\d1t1\d1t1\debug\stdafx.obj
d:\coding\vs\d1t1\d1t1\debug\d1t1.obj
d:\coding\vs\d1t1\debug\d1t1.ilk
d:\coding\vs\d1t1\debug\d1t1.exe
d:\coding\vs\d1t1\debug\d1t1.pdb
d:\coding\vs\d1t1.1\d1t1\debug\d1t1.obj
d:\coding\vs\d1t1.1\d1t1\debug\stdafx.obj
d:\coding\vs\d1t1.1\d1t1\debug\d1t1.pch
d:\coding\vs\d1t1.1\d1t1\debug\vc141.idb
d:\coding\vs\d1t1.1\d1t1\debug\vc141.pdb
d:\coding\vs\d1t1.1\debug\d1t1.pdb
d:\coding\vs\d1t1.1\debug\d1t1.exe
d:\coding\vs\d1t1.1\debug\d1t1.ilk
d:\coding\vs\d1t1.1\d1t1\debug\d1t1.tlog\cl.command.1.tlog
d:\coding\vs\d1t1.1\d1t1\debug\d1t1.tlog\cl.read.1.tlog
d:\coding\vs\d1t1.1\d1t1\debug\d1t1.tlog\cl.write.1.tlog
d:\coding\vs\d1t1.1\d1t1\debug\d1t1.tlog\link.command.1.tlog
d:\coding\vs\d1t1.1\d1t1\debug\d1t1.tlog\link.read.1.tlog
d:\coding\vs\d1t1.1\d1t1\debug\d1t1.tlog\link.write.1.tlog
